build/app/intermediates/manifest_merge_blame_file/debug/manifest-merger-blame-debug-report.txt
1<?xml version="1.0" encoding="utf-8"?>
2<manifest xmlns:android="http://schemas.android.com/apk/res/android"
3    package="com.code23.noteapp"
4    android:versionCode="1"
5    android:versionName="1.0.0" >
6
7    <uses-sdk
8        android:minSdkVersion="19"
9        android:targetSdkVersion="33" />
10    <!--
11         The INTERNET permission is required for development. Specifically,
12         the Flutter tool needs it to communicate with the running application
13         to allow setting breakpoints, to provide hot reload, etc.
14    -->
15    <uses-permission android:name="android.permission.INTERNET" />
15-->src/main/AndroidManifest.xml:3:5-67
15-->src/main/AndroidManifest.xml:3:22-64
16    <uses-permission android:name="android.permission.WAKE_LOCK" />
16-->[:firebase_messaging] AndroidManifest.xml:10:5-68
16-->[:firebase_messaging] AndroidManifest.xml:10:22-65
17    <uses-permission android:name="android.permission.ACCESS_NETWORK_STATE" /> <!-- Permissions options for the `notification` group -->
17-->[:firebase_messaging] AndroidManifest.xml:11:5-79
17-->[:firebase_messaging] AndroidManifest.xml:11:22-76
18    <uses-permission android:name="android.permission.POST_NOTIFICATIONS" />
18-->[:firebase_messaging] AndroidManifest.xml:13:5-77
18-->[:firebase_messaging] AndroidManifest.xml:13:22-74
19    <uses-permission android:name="android.permission.RECEIVE_BOOT_COMPLETED" />
19-->[:flutter_local_notifications] AndroidManifest.xml:9:5-81
19-->[:flutter_local_notifications] AndroidManifest.xml:9:22-78
20    <uses-permission android:name="android.permission.VIBRATE" />
20-->[:flutter_local_notifications] AndroidManifest.xml:10:5-66
20-->[:flutter_local_notifications] AndroidManifest.xml:10:22-63
21    <uses-permission android:name="android.permission.USE_FULL_SCREEN_INTENT" />
21-->[:flutter_local_notifications] AndroidManifest.xml:11:5-81
21-->[:flutter_local_notifications] AndroidManifest.xml:11:22-78
22    <uses-permission android:name="android.permission.SCHEDULE_EXACT_ALARM" /> <!-- Required by older versions of Google Play services to create IID tokens -->
22-->[:flutter_local_notifications] AndroidManifest.xml:12:5-79
22-->[:flutter_local_notifications] AndroidManifest.xml:12:22-76
23    <uses-permission android:name="com.google.android.c2dm.permission.RECEIVE" />
23-->[com.google.firebase:firebase-iid:21.1.0] AndroidManifest.xml:26:5-82
23-->[com.google.firebase:firebase-iid:21.1.0] AndroidManifest.xml:26:22-79
24
25    <permission
25-->[androidx.core:core:1.10.1] AndroidManifest.xml:22:5-24:47
26        android:name="com.code23.noteapp.DYNAMIC_RECEIVER_NOT_EXPORTED_PERMISSION"
26-->[androidx.core:core:1.10.1] AndroidManifest.xml:23:9-81
27        android:protectionLevel="signature" />
27-->[androidx.core:core:1.10.1] AndroidManifest.xml:24:9-44
28
29    <uses-permission android:name="com.code23.noteapp.DYNAMIC_RECEIVER_NOT_EXPORTED_PERMISSION" />
29-->[androidx.core:core:1.10.1] AndroidManifest.xml:26:5-97
29-->[androidx.core:core:1.10.1] AndroidManifest.xml:26:22-94
30
31    <application
32        android:name="android.app.Application"
33        android:appComponentFactory="androidx.core.app.CoreComponentFactory"
33-->[androidx.core:core:1.10.1] AndroidManifest.xml:28:18-86
34        android:debuggable="true"
35        android:icon="@mipmap/ic_launcher"
36        android:label="code23_note_app" >
37        <activity
38            android:name="com.code23.noteapp.MainActivity"
39            android:configChanges="orientation|keyboardHidden|keyboard|screenSize|smallestScreenSize|locale|layoutDirection|fontScale|screenLayout|density|uiMode"
40            android:exported="true"
41            android:hardwareAccelerated="true"
42            android:launchMode="singleTop"
43            android:theme="@style/LaunchTheme"
44            android:windowSoftInputMode="adjustResize" >
45
46            <!--
47                 Specifies an Android theme to apply to this Activity as soon as
48                 the Android process has started. This theme is visible to the user
49                 while the Flutter UI initializes. After that, this theme continues
50                 to determine the Window background behind the Flutter UI.
51            -->
52            <meta-data
53                android:name="io.flutter.embedding.android.NormalTheme"
54                android:resource="@style/NormalTheme" />
55
56            <intent-filter>
57                <action android:name="android.intent.action.MAIN" />
58
59                <category android:name="android.intent.category.LAUNCHER" />
60            </intent-filter>
61        </activity>
62        <!--
63             Don't delete the meta-data below.
64             This is used by the Flutter tool to generate GeneratedPluginRegistrant.java
65        -->
66        <meta-data
67            android:name="flutterEmbedding"
68            android:value="2" />
69
70        <service
70-->[:firebase_messaging] AndroidManifest.xml:16:9-19:72
71            android:name="io.flutter.plugins.firebase.messaging.FlutterFirebaseMessagingBackgroundService"
71-->[:firebase_messaging] AndroidManifest.xml:17:13-107
72            android:exported="false"
72-->[:firebase_messaging] AndroidManifest.xml:18:13-37
73            android:permission="android.permission.BIND_JOB_SERVICE" />
73-->[:firebase_messaging] AndroidManifest.xml:19:13-69
74        <service
74-->[:firebase_messaging] AndroidManifest.xml:20:9-26:19
75            android:name="io.flutter.plugins.firebase.messaging.FlutterFirebaseMessagingService"
75-->[:firebase_messaging] AndroidManifest.xml:21:13-97
76            android:exported="false" >
76-->[:firebase_messaging] AndroidManifest.xml:22:13-37
77            <intent-filter>
77-->[:firebase_messaging] AndroidManifest.xml:23:13-25:29
78                <action android:name="com.google.firebase.MESSAGING_EVENT" />
78-->[:firebase_messaging] AndroidManifest.xml:24:17-78
78-->[:firebase_messaging] AndroidManifest.xml:24:25-75
79            </intent-filter>
80        </service>
81
82        <receiver
82-->[:firebase_messaging] AndroidManifest.xml:28:9-35:20
83            android:name="io.flutter.plugins.firebase.messaging.FlutterFirebaseMessagingReceiver"
83-->[:firebase_messaging] AndroidManifest.xml:29:13-98
84            android:exported="true"
84-->[:firebase_messaging] AndroidManifest.xml:30:13-36
85            android:permission="com.google.android.c2dm.permission.SEND" >
85-->[:firebase_messaging] AndroidManifest.xml:31:13-73
86            <intent-filter>
86-->[:firebase_messaging] AndroidManifest.xml:32:13-34:29
87                <action android:name="com.google.android.c2dm.intent.RECEIVE" />
87-->[:firebase_messaging] AndroidManifest.xml:33:17-81
87-->[:firebase_messaging] AndroidManifest.xml:33:25-78
88            </intent-filter>
89        </receiver>
90
91        <service
91-->[:firebase_messaging] AndroidManifest.xml:37:9-41:19
92            android:name="com.google.firebase.components.ComponentDiscoveryService"
92-->[:firebase_messaging] AndroidManifest.xml:37:18-89
93            android:directBootAware="true"
93-->[com.google.firebase:firebase-common:20.3.3] AndroidManifest.xml:34:13-43
94            android:exported="false" >
94-->[com.google.firebase:firebase-iid:21.1.0] AndroidManifest.xml:31:13-37
95            <meta-data
95-->[:firebase_messaging] AndroidManifest.xml:38:13-40:85
96                android:name="com.google.firebase.components:io.flutter.plugins.firebase.messaging.FlutterFirebaseAppRegistrar"
96-->[:firebase_messaging] AndroidManifest.xml:39:17-128
97                android:value="com.google.firebase.components.ComponentRegistrar" />
97-->[:firebase_messaging] AndroidManifest.xml:40:17-82
98            <meta-data
98-->[:firebase_core] AndroidManifest.xml:11:13-13:85
99                android:name="com.google.firebase.components:io.flutter.plugins.firebase.core.FlutterFirebaseCoreRegistrar"
99-->[:firebase_core] AndroidManifest.xml:12:17-124
100                android:value="com.google.firebase.components.ComponentRegistrar" />
100-->[:firebase_core] AndroidManifest.xml:13:17-82
101            <meta-data
101-->[com.google.firebase:firebase-iid:21.1.0] AndroidManifest.xml:32:13-34:85
102                android:name="com.google.firebase.components:com.google.firebase.iid.Registrar"
102-->[com.google.firebase:firebase-iid:21.1.0] AndroidManifest.xml:33:17-96
103                android:value="com.google.firebase.components.ComponentRegistrar" />
103-->[com.google.firebase:firebase-iid:21.1.0] AndroidManifest.xml:34:17-82
104            <meta-data
104-->[com.google.firebase:firebase-messaging:23.2.1] AndroidManifest.xml:53:13-55:85
105                android:name="com.google.firebase.components:com.google.firebase.messaging.FirebaseMessagingRegistrar"
105-->[com.google.firebase:firebase-messaging:23.2.1] AndroidManifest.xml:54:17-119
106                android:value="com.google.firebase.components.ComponentRegistrar" />
106-->[com.google.firebase:firebase-messaging:23.2.1] AndroidManifest.xml:55:17-82
107            <meta-data
107-->[com.google.firebase:firebase-installations:17.1.4] AndroidManifest.xml:15:13-17:85
108                android:name="com.google.firebase.components:com.google.firebase.installations.FirebaseInstallationsRegistrar"
108-->[com.google.firebase:firebase-installations:17.1.4] AndroidManifest.xml:16:17-127
109                android:value="com.google.firebase.components.ComponentRegistrar" />
109-->[com.google.firebase:firebase-installations:17.1.4] AndroidManifest.xml:17:17-82
110            <meta-data
110-->[com.google.firebase:firebase-datatransport:18.1.7] AndroidManifest.xml:27:13-29:85
111                android:name="com.google.firebase.components:com.google.firebase.datatransport.TransportRegistrar"
111-->[com.google.firebase:firebase-datatransport:18.1.7] AndroidManifest.xml:28:17-115
112                android:value="com.google.firebase.components.ComponentRegistrar" />
112-->[com.google.firebase:firebase-datatransport:18.1.7] AndroidManifest.xml:29:17-82
113        </service>
114
115        <provider
115-->[:firebase_messaging] AndroidManifest.xml:43:9-47:38
116            android:name="io.flutter.plugins.firebase.messaging.FlutterFirebaseMessagingInitProvider"
116-->[:firebase_messaging] AndroidManifest.xml:44:13-102
117            android:authorities="com.code23.noteapp.flutterfirebasemessaginginitprovider"
117-->[:firebase_messaging] AndroidManifest.xml:45:13-88
118            android:exported="false"
118-->[:firebase_messaging] AndroidManifest.xml:46:13-37
119            android:initOrder="99" />
119-->[:firebase_messaging] AndroidManifest.xml:47:13-35
120
121        <receiver
121-->[:flutter_local_notifications] AndroidManifest.xml:16:9-18:40
122            android:name="com.dexterous.flutterlocalnotifications.ActionBroadcastReceiver"
122-->[:flutter_local_notifications] AndroidManifest.xml:17:13-91
123            android:exported="false" />
123-->[:flutter_local_notifications] AndroidManifest.xml:18:13-37
124        <receiver
124-->[:flutter_local_notifications] AndroidManifest.xml:19:9-21:40
125            android:name="com.dexterous.flutterlocalnotifications.ScheduledNotificationReceiver"
125-->[:flutter_local_notifications] AndroidManifest.xml:20:13-97
126            android:exported="false" />
126-->[:flutter_local_notifications] AndroidManifest.xml:21:13-37
127        <receiver
127-->[:flutter_local_notifications] AndroidManifest.xml:22:9-31:20
128            android:name="com.dexterous.flutterlocalnotifications.ScheduledNotificationBootReceiver"
128-->[:flutter_local_notifications] AndroidManifest.xml:23:13-101
129            android:exported="false" >
129-->[:flutter_local_notifications] AndroidManifest.xml:24:13-37
130            <intent-filter>
130-->[:flutter_local_notifications] AndroidManifest.xml:25:13-30:29
131                <action android:name="android.intent.action.BOOT_COMPLETED" />
131-->[:flutter_local_notifications] AndroidManifest.xml:26:17-79
131-->[:flutter_local_notifications] AndroidManifest.xml:26:25-76
132                <action android:name="android.intent.action.MY_PACKAGE_REPLACED" />
132-->[:flutter_local_notifications] AndroidManifest.xml:27:17-84
132-->[:flutter_local_notifications] AndroidManifest.xml:27:25-81
133                <action android:name="android.intent.action.QUICKBOOT_POWERON" />
133-->[:flutter_local_notifications] AndroidManifest.xml:28:17-82
133-->[:flutter_local_notifications] AndroidManifest.xml:28:25-79
134                <action android:name="com.htc.intent.action.QUICKBOOT_POWERON" />
134-->[:flutter_local_notifications] AndroidManifest.xml:29:17-82
134-->[:flutter_local_notifications] AndroidManifest.xml:29:25-79
135            </intent-filter>
136        </receiver>
137
138        <activity
138-->[:url_launcher_android] AndroidManifest.xml:10:9-13:74
139            android:name="io.flutter.plugins.urllauncher.WebViewActivity"
139-->[:url_launcher_android] AndroidManifest.xml:11:13-74
140            android:exported="false"
140-->[:url_launcher_android] AndroidManifest.xml:12:13-37
141            android:theme="@android:style/Theme.NoTitleBar.Fullscreen" />
141-->[:url_launcher_android] AndroidManifest.xml:13:13-71
142
143        <uses-library
143-->[androidx.window:window:1.0.0] AndroidManifest.xml:25:9-27:40
144            android:name="androidx.window.extensions"
144-->[androidx.window:window:1.0.0] AndroidManifest.xml:26:13-54
145            android:required="false" />
145-->[androidx.window:window:1.0.0] AndroidManifest.xml:27:13-37
146        <uses-library
146-->[androidx.window:window:1.0.0] AndroidManifest.xml:28:9-30:40
147            android:name="androidx.window.sidecar"
147-->[androidx.window:window:1.0.0] AndroidManifest.xml:29:13-51
148            android:required="false" />
148-->[androidx.window:window:1.0.0] AndroidManifest.xml:30:13-37
149
150        <receiver
150-->[com.google.firebase:firebase-messaging:23.2.1] AndroidManifest.xml:29:9-36:20
151            android:name="com.google.firebase.iid.FirebaseInstanceIdReceiver"
151-->[com.google.firebase:firebase-messaging:23.2.1] AndroidManifest.xml:30:13-78
152            android:exported="true"
152-->[com.google.firebase:firebase-messaging:23.2.1] AndroidManifest.xml:31:13-36
153            android:permission="com.google.android.c2dm.permission.SEND" >
153-->[com.google.firebase:firebase-messaging:23.2.1] AndroidManifest.xml:32:13-73
154            <intent-filter>
154-->[:firebase_messaging] AndroidManifest.xml:32:13-34:29
155                <action android:name="com.google.android.c2dm.intent.RECEIVE" />
155-->[:firebase_messaging] AndroidManifest.xml:33:17-81
155-->[:firebase_messaging] AndroidManifest.xml:33:25-78
156            </intent-filter>
157        </receiver>
158        <!--
159             FirebaseMessagingService performs security checks at runtime,
160             but set to not exported to explicitly avoid allowing another app to call it.
161        -->
162        <service
162-->[com.google.firebase:firebase-messaging:23.2.1] AndroidManifest.xml:42:9-49:19
163            android:name="com.google.firebase.messaging.FirebaseMessagingService"
163-->[com.google.firebase:firebase-messaging:23.2.1] AndroidManifest.xml:43:13-82
164            android:directBootAware="true"
164-->[com.google.firebase:firebase-messaging:23.2.1] AndroidManifest.xml:44:13-43
165            android:exported="false" >
165-->[com.google.firebase:firebase-messaging:23.2.1] AndroidManifest.xml:45:13-37
166            <intent-filter android:priority="-500" >
166-->[:firebase_messaging] AndroidManifest.xml:23:13-25:29
167                <action android:name="com.google.firebase.MESSAGING_EVENT" />
167-->[:firebase_messaging] AndroidManifest.xml:24:17-78
167-->[:firebase_messaging] AndroidManifest.xml:24:25-75
168            </intent-filter>
169        </service>
170
171        <provider
171-->[com.google.firebase:firebase-common:20.3.3] AndroidManifest.xml:25:9-30:39
172            android:name="com.google.firebase.provider.FirebaseInitProvider"
172-->[com.google.firebase:firebase-common:20.3.3] AndroidManifest.xml:26:13-77
173            android:authorities="com.code23.noteapp.firebaseinitprovider"
173-->[com.google.firebase:firebase-common:20.3.3] AndroidManifest.xml:27:13-72
174            android:directBootAware="true"
174-->[com.google.firebase:firebase-common:20.3.3] AndroidManifest.xml:28:13-43
175            android:exported="false"
175-->[com.google.firebase:firebase-common:20.3.3] AndroidManifest.xml:29:13-37
176            android:initOrder="100" />
176-->[com.google.firebase:firebase-common:20.3.3] AndroidManifest.xml:30:13-36
177
178        <activity
178-->[com.google.android.gms:play-services-base:18.0.1] AndroidManifest.xml:20:9-22:45
179            android:name="com.google.android.gms.common.api.GoogleApiActivity"
179-->[com.google.android.gms:play-services-base:18.0.1] AndroidManifest.xml:20:19-85
180            android:exported="false"
180-->[com.google.android.gms:play-services-base:18.0.1] AndroidManifest.xml:22:19-43
181            android:theme="@android:style/Theme.Translucent.NoTitleBar" />
181-->[com.google.android.gms:play-services-base:18.0.1] AndroidManifest.xml:21:19-78
182
183        <meta-data
183-->[com.google.android.gms:play-services-basement:18.1.0] AndroidManifest.xml:21:9-23:69
184            android:name="com.google.android.gms.version"
184-->[com.google.android.gms:play-services-basement:18.1.0] AndroidManifest.xml:22:13-58
185            android:value="@integer/google_play_services_version" />
185-->[com.google.android.gms:play-services-basement:18.1.0] AndroidManifest.xml:23:13-66
186
187        <service
187-->[com.google.android.datatransport:transport-backend-cct:3.1.8] AndroidManifest.xml:28:9-34:19
188            android:name="com.google.android.datatransport.runtime.backends.TransportBackendDiscovery"
188-->[com.google.android.datatransport:transport-backend-cct:3.1.8] AndroidManifest.xml:29:13-103
189            android:exported="false" >
189-->[com.google.android.datatransport:transport-backend-cct:3.1.8] AndroidManifest.xml:30:13-37
190            <meta-data
190-->[com.google.android.datatransport:transport-backend-cct:3.1.8] AndroidManifest.xml:31:13-33:39
191                android:name="backend:com.google.android.datatransport.cct.CctBackendFactory"
191-->[com.google.android.datatransport:transport-backend-cct:3.1.8] AndroidManifest.xml:32:17-94
192                android:value="cct" />
192-->[com.google.android.datatransport:transport-backend-cct:3.1.8] AndroidManifest.xml:33:17-36
193        </service>
194        <service
194-->[com.google.android.datatransport:transport-runtime:3.1.8] AndroidManifest.xml:26:9-30:19
195            android:name="com.google.android.datatransport.runtime.scheduling.jobscheduling.JobInfoSchedulerService"
195-->[com.google.android.datatransport:transport-runtime:3.1.8] AndroidManifest.xml:27:13-117
196            android:exported="false"
196-->[com.google.android.datatransport:transport-runtime:3.1.8] AndroidManifest.xml:28:13-37
197            android:permission="android.permission.BIND_JOB_SERVICE" >
197-->[com.google.android.datatransport:transport-runtime:3.1.8] AndroidManifest.xml:29:13-69
198        </service>
199
200        <receiver
200-->[com.google.android.datatransport:transport-runtime:3.1.8] AndroidManifest.xml:32:9-34:40
201            android:name="com.google.android.datatransport.runtime.scheduling.jobscheduling.AlarmManagerSchedulerBroadcastReceiver"
201-->[com.google.android.datatransport:transport-runtime:3.1.8] AndroidManifest.xml:33:13-132
202            android:exported="false" />
202-->[com.google.android.datatransport:transport-runtime:3.1.8] AndroidManifest.xml:34:13-37
203    </application>
204
205</manifest>